[NETWORK MANAGER] starting the tracker...DONE
[NETWORK MANAGER] starting the peer server 192.168.1.145:8440...DONE
[NETWORK MANAGER]loading the srepe...DONE
[NETWORK MANGER] Trackers:[192.168.1.59]
[NETWORK MANAGER]myTracker:192.168.1.59
[COURIER]Connected to the swarn
[NETWORK MANAGER]loading the safezones...DONE
[NETWORK MANGER] Safezones:[]
[SAFEZONE MANAGER] SYN DONE
[SAFEZONE MANAGER] SYN DONE
[COURIER] SEND FIN
[SAFEZONE MANAGER] safezone 2 joined succefully the safezone
[COURIER] SEND FIN
[SAFEZONE 2] start syn...
[COURIER] SEND FIN
[COURIER] SENDING FRQ 2_log.rs ...
[COURIER] FAW ARRIVED
[COURIER] SEND FIN
[SAFEZONE 2] SYN DONE
[COURIER] SENDING FILE ADD blue.mp3 ...
[COURIER] SEND FIN
[COURIER]Exited to the swarn
[NETWORK MANAGER] TRACKER SUCCESSFULLY STOPPED
